#
# There is insufficient memory for the Java Runtime Environment to continue.
# Native memory allocation (malloc) failed to allocate 32744 bytes for ChunkPool::allocate
# Possible reasons:
#   The system is out of physical RAM or swap space
#   The process is running with CompressedOops enabled, and the Java Heap may be blocking the growth of the native heap
# Possible solutions:
#   Reduce memory load on the system
#   Increase physical memory or swap space
#   Check if swap backing store is full
#   Decrease Java heap size (-Xmx/-Xms)
#   Decrease number of Java threads
#   Decrease Java thread stack sizes (-Xss)
#   Set larger code cache with -XX:ReservedCodeCacheSize=
#   JVM is running with Unscaled Compressed Oops mode in which the Java heap is
#     placed in the first 4GB address space. The Java Heap base address is the
#     maximum limit for the native heap growth. Please use -XX:HeapBaseMinAddress
#     to set the Java Heap base and to place the Java Heap above 4GB virtual address.
# This output file may be truncated or incomplete.
#
#  Out of Memory Error (arena.cpp:78), pid=12956, tid=11672
#
# JRE version: Java(TM) SE Runtime Environment (17.0.10+11) (build 17.0.10+11-LTS-240)
# Java VM: Java HotSpot(TM) 64-Bit Server VM (17.0.10+11-LTS-240, mixed mode, emulated-client, sharing, tiered, compressed oops, compressed class ptrs, g1 gc, windows-amd64)
# No core dump will be written. Minidumps are not enabled by default on client versions of Windows
#

---------------  S U M M A R Y ------------

Command Line: -XX:TieredStopAtLevel=1 -Dspring.output.ansi.enabled=always -Dcom.sun.management.jmxremote -Dspring.jmx.enabled=true -Dspring.liveBeansView.mbeanDomain -Dspring.application.admin.enabled=true -Dmanagement.endpoints.jmx.exposure.include=* -javaagent:C:\Program Files\JetBrains\IntelliJ IDEA 2023.3.5\lib\idea_rt.jar=52339:C:\Program Files\JetBrains\IntelliJ IDEA 2023.3.5\bin -Dfile.encoding=UTF-8 com.metlife.EurekaServiceApplication

Host: Intel(R) Core(TM) i5-7300U CPU @ 2.60GHz, 4 cores, 7G,  Windows 10 , 64 bit Build 19041 (10.0.19041.3636)
Time: Sat Apr 13 10:26:38 2024 India Standard Time elapsed time: 0.817965 seconds (0d 0h 0m 0s)

---------------  T H R E A D  ---------------

Current thread (0x0000026950569790):  JavaThread "main" [_thread_in_vm, id=11672, stack(0x000000fce1f00000,0x000000fce2000000)]

Stack: [0x000000fce1f00000,0x000000fce2000000]
Native frames: (J=compiled Java code, j=interpreted, Vv=VM code, C=native code)
V  [jvm.dll+0x677a5a]
V  [jvm.dll+0x7d8b2d]
V  [jvm.dll+0x7da48e]
V  [jvm.dll+0x7daaf3]
V  [jvm.dll+0x2455ff]
V  [jvm.dll+0xaad50]
V  [jvm.dll+0xab09c]
V  [jvm.dll+0x1ea15c]
V  [jvm.dll+0x1dfa01]
V  [jvm.dll+0x53d58c]
V  [jvm.dll+0x1f031a]
V  [jvm.dll+0x75284d]
V  [jvm.dll+0x753c46]
V  [jvm.dll+0x753f78]
V  [jvm.dll+0x23d99b]
V  [jvm.dll+0x37d60e]
C  0x0000026957e29aed

Java frames: (J=compiled Java code, j=interpreted, Vv=VM code)
j  sun.util.calendar.ZoneInfoFile.getZoneInfo(Ljava/lang/String;[J[I[J[I[Lsun/util/calendar/ZoneInfoFile$ZoneOffsetTransitionRule;)Lsun/util/calendar/ZoneInfo;+1537 java.base@17.0.10
j  sun.util.calendar.ZoneInfoFile.getZoneInfo(Ljava/io/DataInput;Ljava/lang/String;)Lsun/util/calendar/ZoneInfo;+204 java.base@17.0.10
j  sun.util.calendar.ZoneInfoFile.getZoneInfo0(Ljava/lang/String;)Lsun/util/calendar/ZoneInfo;+92 java.base@17.0.10
j  sun.util.calendar.ZoneInfoFile.getZoneInfo(Ljava/lang/String;)Lsun/util/calendar/ZoneInfo;+7 java.base@17.0.10
j  sun.util.calendar.ZoneInfo.getTimeZone(Ljava/lang/String;)Ljava/util/TimeZone;+1 java.base@17.0.10
j  java.util.TimeZone.getTimeZone(Ljava/lang/String;Z)Ljava/util/TimeZone;+1 java.base@17.0.10
j  java.util.TimeZone.setDefaultZone()Ljava/util/TimeZone;+48 java.base@17.0.10
j  java.util.TimeZone.getDefaultRef()Ljava/util/TimeZone;+8 java.base@17.0.10
j  java.util.TimeZone.getDefault()Ljava/util/TimeZone;+0 java.base@17.0.10
j  java.util.Calendar.defaultTimeZone(Ljava/util/Locale;)Ljava/util/TimeZone;+0 java.base@17.0.10
j  java.util.Calendar.getInstance(Ljava/util/Locale;)Ljava/util/Calendar;+1 java.base@17.0.10
j  java.text.SimpleDateFormat.initializeCalendar(Ljava/util/Locale;)V+27 java.base@17.0.10
j  java.text.SimpleDateFormat.<init>(Ljava/lang/String;Ljava/util/Locale;)V+43 java.base@17.0.10
j  java.text.SimpleDateFormat.<init>(Ljava/lang/String;)V+8 java.base@17.0.10
j  ch.qos.logback.core.util.CachingDateFormatter.<init>(Ljava/lang/String;)V+22
j  ch.qos.logback.classic.layout.TTLLLayout.<init>()V+11
j  ch.qos.logback.classic.BasicConfigurator.configure(Lch/qos/logback/classic/LoggerContext;)V+42
j  ch.qos.logback.classic.util.ContextInitializer.autoConfig()V+120
j  org.slf4j.impl.StaticLoggerBinder.init()V+11
j  org.slf4j.impl.StaticLoggerBinder.<clinit>()V+28
v  ~StubRoutines::call_stub
j  org.slf4j.LoggerFactory.bind()V+16
j  org.slf4j.LoggerFactory.performInitialization()V+0
j  org.slf4j.LoggerFactory.getILoggerFactory()Lorg/slf4j/ILoggerFactory;+22
j  org.slf4j.LoggerFactory.getLogger(Ljava/lang/String;)Lorg/slf4j/Logger;+0
j  org.apache.commons.logging.LogAdapter$Slf4jAdapter.createLocationAwareLog(Ljava/lang/String;)Lorg/apache/commons/logging/Log;+1
j  org.apache.commons.logging.LogAdapter.createLog(Ljava/lang/String;)Lorg/apache/commons/logging/Log;+42
j  org.apache.commons.logging.LogFactory.getLog(Ljava/lang/String;)Lorg/apache/commons/logging/Log;+1
j  org.apache.commons.logging.LogFactory.getLog(Ljava/lang/Class;)Lorg/apache/commons/logging/Log;+4
j  org.springframework.boot.SpringApplication.<clinit>()V+2
v  ~StubRoutines::call_stub
j  com.metlife.EurekaServiceApplication.main([Ljava/lang/String;)V+3
v  ~StubRoutines::call_stub

---------------  P R O C E S S  ---------------

Threads class SMR info:
_java_thread_list=0x0000026966651230, length=14, elements={
0x0000026950569790, 0x0000026961cb4de0, 0x0000026961cb6450, 0x0000026961cc7d30,
0x0000026961cc8ac0, 0x0000026961ccc3b0, 0x0000026961ccdc90, 0x0000026961cce610,
0x0000026961ccef20, 0x0000026961d4ea80, 0x0000026961c9f070, 0x00000269663fd420,
0x00000269664f3440, 0x0000026966633b40
}

Java Threads: ( => current thread )
=>0x0000026950569790 JavaThread "main" [_thread_in_vm, id=11672, stack(0x000000fce1f00000,0x000000fce2000000)]
  0x0000026961cb4de0 JavaThread "Reference Handler" daemon [_thread_blocked, id=4760, stack(0x000000fce2600000,0x000000fce2700000)]
  0x0000026961cb6450 JavaThread "Finalizer" daemon [_thread_blocked, id=6900, stack(0x000000fce2700000,0x000000fce2800000)]
  0x0000026961cc7d30 JavaThread "Signal Dispatcher" daemon [_thread_blocked, id=13192, stack(0x000000fce2800000,0x000000fce2900000)]
  0x0000026961cc8ac0 JavaThread "Attach Listener" daemon [_thread_blocked, id=972, stack(0x000000fce2900000,0x000000fce2a00000)]
  0x0000026961ccc3b0 JavaThread "Service Thread" daemon [_thread_blocked, id=11492, stack(0x000000fce2a00000,0x000000fce2b00000)]
  0x0000026961ccdc90 JavaThread "Monitor Deflation Thread" daemon [_thread_blocked, id=13060, stack(0x000000fce2b00000,0x000000fce2c00000)]
  0x0000026961cce610 JavaThread "C1 CompilerThread0" daemon [_thread_blocked, id=9488, stack(0x000000fce2c00000,0x000000fce2d00000)]
  0x0000026961ccef20 JavaThread "Sweeper thread" daemon [_thread_blocked, id=9452, stack(0x000000fce2d00000,0x000000fce2e00000)]
  0x0000026961d4ea80 JavaThread "Common-Cleaner" daemon [_thread_blocked, id=1572, stack(0x000000fce2e00000,0x000000fce2f00000)]
  0x0000026961c9f070 JavaThread "C1 CompilerThread1" daemon [_thread_blocked, id=7348, stack(0x000000fce2f00000,0x000000fce3000000)]
  0x00000269663fd420 JavaThread "Monitor Ctrl-Break" daemon [_thread_in_native, id=8468, stack(0x000000fce3000000,0x000000fce3100000)]
  0x00000269664f3440 JavaThread "Notification Thread" daemon [_thread_blocked, id=11912, stack(0x000000fce3100000,0x000000fce3200000)]
  0x0000026966633b40 JavaThread "RMI TCP Accept-0" daemon [_thread_in_native, id=2412, stack(0x000000fce3200000,0x000000fce3300000)]

Other Threads:
  0x0000026961cabe50 VMThread "VM Thread" [stack: 0x000000fce2500000,0x000000fce2600000] [id=1068]
  0x000002696662f5a0 WatcherThread [stack: 0x000000fce3300000,0x000000fce3400000] [id=13048]
  0x00000269505c3fb0 GCTaskThread "GC Thread#0" [stack: 0x000000fce2000000,0x000000fce2100000] [id=11436]
  0x000002696664e170 GCTaskThread "GC Thread#1" [stack: 0x000000fce3400000,0x000000fce3500000] [id=11876]
  0x0000026966674c10 GCTaskThread "GC Thread#2" [stack: 0x000000fce3500000,0x000000fce3600000] [id=10932]
  0x000002696677d820 GCTaskThread "GC Thread#3" [stack: 0x000000fce3600000,0x000000fce3700000] [id=2832]
  0x000002694e53ded0 ConcurrentGCThread "G1 Main Marker" [stack: 0x000000fce2100000,0x000000fce2200000] [id=8696]
  0x000002694e53e7f0 ConcurrentGCThread "G1 Conc#0" [stack: 0x000000fce2200000,0x000000fce2300000] [id=8284]
  0x00000269506257c0 ConcurrentGCThread "G1 Refine#0" [stack: 0x000000fce2300000,0x000000fce2400000] [id=2224]
  0x000002696669e7a0 ConcurrentGCThread "G1 Refine#1" unknown state (no osThread)
  0x0000026961b71210 ConcurrentGCThread "G1 Service" [stack: 0x000000fce2400000,0x000000fce2500000] [id=8624]

Threads with active compile tasks:

VM state: not at safepoint (normal execution)

VM Mutex/Monitor currently owned by a thread: None

Heap address: 0x0000000081c00000, size: 2020 MB, Compressed Oops mode: 32-bit

CDS archive(s) mapped at: [0x0000026900000000-0x0000026900bd0000-0x0000026900bd0000), size 12386304, SharedBaseAddress: 0x0000026900000000, ArchiveRelocationMode: 1.
Compressed class space mapped at: 0x0000026901000000-0x0000026941000000, reserved size: 1073741824
Narrow klass base: 0x0000026900000000, Narrow klass shift: 0, Narrow klass range: 0x100000000

GC Precious Log:
 CPUs: 4 total, 4 available
 Memory: 8073M
 Large Page Support: Disabled
 NUMA Support: Disabled
 Compressed Oops: Enabled (32-bit)
 Heap Region Size: 1M
 Heap Min Capacity: 8M
 Heap Initial Capacity: 128M
 Heap Max Capacity: 2020M
 Pre-touch: Disabled
 Parallel Workers: 4
 Concurrent Workers: 1
 Concurrent Refinement Workers: 4
 Periodic GC: Disabled

Heap:
 garbage-first heap   total 131072K, used 6110K [0x0000000081c00000, 0x0000000100000000)
  region size 1024K, 3 young (3072K), 2 survivors (2048K)
 Metaspace       used 5211K, committed 5440K, reserved 1114112K
  class space    used 629K, committed 768K, reserved 1048576K

Heap Regions: E=young(eden), S=young(survivor), O=old, HS=humongous(starts), HC=humongous(continues), CS=collection set, F=free, OA=open archive, CA=closed archive, TAMS=top-at-mark-start (previous, next)
|   0|0x0000000081c00000, 0x0000000081c00000, 0x0000000081d00000|  0%| F|  |TAMS 0x0000000081c00000, 0x0000000081c00000| Untracked 
|   1|0x0000000081d00000, 0x0000000081e00000, 0x0000000081e00000|100%| O|  |TAMS 0x0000000081d00000, 0x0000000081d00000| Untracked 
|   2|0x0000000081e00000, 0x0000000081f00000, 0x0000000081f00000|100%| O|  |TAMS 0x0000000081e00000, 0x0000000081e00000| Untracked 
|   3|0x0000000081f00000, 0x0000000082000000, 0x0000000082000000|100%| O|  |TAMS 0x0000000081f00000, 0x0000000081f00000| Untracked 
|   4|0x0000000082000000, 0x00000000820f7800, 0x0000000082100000| 96%| O|  |TAMS 0x0000000082000000, 0x0000000082000000| Untracked 
|   5|0x0000000082100000, 0x0000000082100000, 0x0000000082200000|  0%| F|  |TAMS 0x0000000082100000, 0x0000000082100000| Untracked 
|   6|0x0000000082200000, 0x0000000082200000, 0x0000000082300000|  0%| F|  |TAMS 0x0000000082200000, 0x0000000082200000| Untracked 
|   7|0x0000000082300000, 0x0000000082300000, 0x0000000082400000|  0%| F|  |TAMS 0x0000000082300000, 0x0000000082300000| Untracked 
|   8|0x0000000082400000, 0x0000000082400000, 0x0000000082500000|  0%| F|  |TAMS 0x0000000082400000, 0x0000000082400000| Untracked 
|   9|0x0000000082500000, 0x0000000082500000, 0x0000000082600000|  0%| F|  |TAMS 0x0000000082500000, 0x0000000082500000| Untracked 
|  10|0x0000000082600000, 0x0000000082600000, 0x0000000082700000|  0%| F|  |TAMS 0x0000000082600000, 0x0000000082600000| Untracked 
|  11|0x0000000082700000, 0x0000000082700000, 0x0000000082800000|  0%| F|  |TAMS 0x0000000082700000, 0x0000000082700000| Untracked 
|  12|0x0000000082800000, 0x0000000082800000, 0x0000000082900000|  0%| F|  |TAMS 0x0000000082800000, 0x0000000082800000| Untracked 
|  13|0x0000000082900000, 0x0000000082900000, 0x0000000082a00000|  0%| F|  |TAMS 0x0000000082900000, 0x0000000082900000| Untracked 
|  14|0x0000000082a00000, 0x0000000082a00000, 0x0000000082b00000|  0%| F|  |TAMS 0x0000000082a00000, 0x0000000082a00000| Untracked 
|  15|0x0000000082b00000, 0x0000000082b00000, 0x0000000082c00000|  0%| F|  |TAMS 0x0000000082b00000, 0x0000000082b00000| Untracked 
|  16|0x0000000082c00000, 0x0000000082c00000, 0x0000000082d00000|  0%| F|  |TAMS 0x0000000082c00000, 0x0000000082c00000| Untracked 
|  17|0x0000000082d00000, 0x0000000082d00000, 0x0000000082e00000|  0%| F|  |TAMS 0x0000000082d00000, 0x0000000082d00000| Untracked 
|  18|0x0000000082e00000, 0x0000000082e00000, 0x0000000082f00000|  0%| F|  |TAMS 0x0000000082e00000, 0x0000000082e00000| Untracked 
|  19|0x0000000082f00000, 0x0000000082f00000, 0x0000000083000000|  0%| F|  |TAMS 0x0000000082f00000, 0x0000000082f00000| Untracked 
|  20|0x0000000083000000, 0x0000000083000000, 0x0000000083100000|  0%| F|  |TAMS 0x0000000083000000, 0x0000000083000000| Untracked 
|  21|0x0000000083100000, 0x0000000083100000, 0x0000000083200000|  0%| F|  |TAMS 0x0000000083100000, 0x0000000083100000| Untracked 
|  22|0x0000000083200000, 0x0000000083200000, 0x0000000083300000|  0%| F|  |TAMS 0x0000000083200000, 0x0000000083200000| Untracked 
|  23|0x0000000083300000, 0x0000000083300000, 0x0000000083400000|  0%| F|  |TAMS 0x0000000083300000, 0x0000000083300000| Untracked 
|  24|0x0000000083400000, 0x0000000083400000, 0x0000000083500000|  0%| F|  |TAMS 0x0000000083400000, 0x0000000083400000| Untracked 
|  25|0x0000000083500000, 0x0000000083500000, 0x0000000083600000|  0%| F|  |TAMS 0x0000000083500000, 0x0000000083500000| Untracked 
|  26|0x0000000083600000, 0x0000000083600000, 0x0000000083700000|  0%| F|  |TAMS 0x0000000083600000, 0x0000000083600000| Untracked 
|  27|0x0000000083700000, 0x0000000083700000, 0x0000000083800000|  0%| F|  |TAMS 0x0000000083700000, 0x0000000083700000| Untracked 
|  28|0x0000000083800000, 0x0000000083800000, 0x0000000083900000|  0%| F|  |TAMS 0x0000000083800000, 0x0000000083800000| Untracked 
|  29|0x0000000083900000, 0x0000000083900000, 0x0000000083a00000|  0%| F|  |TAMS 0x0000000083900000, 0x0000000083900000| Untracked 
|  30|0x0000000083a00000, 0x0000000083a00000, 0x0000000083b00000|  0%| F|  |TAMS 0x0000000083a00000, 0x0000000083a00000| Untracked 
|  31|0x0000000083b00000, 0x0000000083b00000, 0x0000000083c00000|  0%| F|  |TAMS 0x0000000083b00000, 0x0000000083b00000| Untracked 
|  32|0x0000000083c00000, 0x0000000083c00000, 0x0000000083d00000|  0%| F|  |TAMS 0x0000000083c00000, 0x0000000083c00000| Untracked 
|  33|0x0000000083d00000, 0x0000000083d00000, 0x0000000083e00000|  0%| F|  |TAMS 0x0000000083d00000, 0x0000000083d00000| Untracked 
|  34|0x0000000083e00000, 0x0000000083e00000, 0x0000000083f00000|  0%| F|  |TAMS 0x0000000083e00000, 0x0000000083e00000| Untracked 
|  35|0x0000000083f00000, 0x0000000083f00000, 0x0000000084000000|  0%| F|  |TAMS 0x0000000083f00000, 0x0000000083f00000| Untracked 
|  36|0x0000000084000000, 0x0000000084000000, 0x0000000084100000|  0%| F|  |TAMS 0x0000000084000000, 0x0000000084000000| Untracked 
|  37|0x0000000084100000, 0x0000000084100000, 0x0000000084200000|  0%| F|  |TAMS 0x0000000084100000, 0x0000000084100000| Untracked 
|  38|0x0000000084200000, 0x0000000084200000, 0x0000000084300000|  0%| F|  |TAMS 0x0000000084200000, 0x0000000084200000| Untracked 
|  39|0x0000000084300000, 0x0000000084300000, 0x0000000084400000|  0%| F|  |TAMS 0x0000000084300000, 0x0000000084300000| Untracked 
|  40|0x0000000084400000, 0x0000000084400000, 0x0000000084500000|  0%| F|  |TAMS 0x0000000084400000, 0x0000000084400000| Untracked 
|  41|0x0000000084500000, 0x0000000084500000, 0x0000000084600000|  0%| F|  |TAMS 0x0000000084500000, 0x0000000084500000| Untracked 
|  42|0x0000000084600000, 0x0000000084600000, 0x0000000084700000|  0%| F|  |TAMS 0x0000000084600000, 0x0000000084600000| Untracked 
|  43|0x0000000084700000, 0x0000000084700000, 0x0000000084800000|  0%| F|  |TAMS 0x0000000084700000, 0x0000000084700000| Untracked 
|  44|0x0000000084800000, 0x0000000084800000, 0x0000000084900000|  0%| F|  |TAMS 0x0000000084800000, 0x0000000084800000| Untracked 
|  45|0x0000000084900000, 0x0000000084900000, 0x0000000084a00000|  0%| F|  |TAMS 0x0000000084900000, 0x0000000084900000| Untracked 
|  46|0x0000000084a00000, 0x0000000084a00000, 0x0000000084b00000|  0%| F|  |TAMS 0x0000000084a00000, 0x0000000084a00000| Untracked 
|  47|0x0000000084b00000, 0x0000000084b00000, 0x0000000084c00000|  0%| F|  |TAMS 0x0000000084b00000, 0x0000000084b00000| Untracked 
|  48|0x0000000084c00000, 0x0000000084c00000, 0x0000000084d00000|  0%| F|  |TAMS 0x0000000084c00000, 0x0000000084c00000| Untracked 
|  49|0x0000000084d00000, 0x0000000084d00000, 0x0000000084e00000|  0%| F|  |TAMS 0x0000000084d00000, 0x0000000084d00000| Untracked 
|  50|0x0000000084e00000, 0x0000000084e00000, 0x0000000084f00000|  0%| F|  |TAMS 0x0000000084e00000, 0x0000000084e00000| Untracked 
|  51|0x0000000084f00000, 0x0000000084f00000, 0x0000000085000000|  0%| F|  |TAMS 0x0000000084f00000, 0x0000000084f00000| Untracked 
|  52|0x0000000085000000, 0x0000000085000000, 0x0000000085100000|  0%| F|  |TAMS 0x0000000085000000, 0x0000000085000000| Untracked 
|  53|0x0000000085100000, 0x0000000085100000, 0x0000000085200000|  0%| F|  |TAMS 0x0000000085100000, 0x0000000085100000| Untracked 
|  54|0x0000000085200000, 0x0000000085200000, 0x0000000085300000|  0%| F|  |TAMS 0x0000000085200000, 0x0000000085200000| Untracked 
|  55|0x0000000085300000, 0x0000000085300000, 0x0000000085400000|  0%| F|  |TAMS 0x0000000085300000, 0x0000000085300000| Untracked 
|  56|0x0000000085400000, 0x0000000085400000, 0x0000000085500000|  0%| F|  |TAMS 0x0000000085400000, 0x0000000085400000| Untracked 
|  57|0x0000000085500000, 0x0000000085500000, 0x0000000085600000|  0%| F|  |TAMS 0x0000000085500000, 0x0000000085500000| Untracked 
|  58|0x0000000085600000, 0x0000000085600000, 0x0000000085700000|  0%| F|  |TAMS 0x0000000085600000, 0x0000000085600000| Untracked 
|  59|0x0000000085700000, 0x0000000085700000, 0x0000000085800000|  0%| F|  |TAMS 0x0000000085700000, 0x0000000085700000| Untracked 
|  60|0x0000000085800000, 0x0000000085800000, 0x0000000085900000|  0%| F|  |TAMS 0x0000000085800000, 0x0000000085800000| Untracked 
|  61|0x0000000085900000, 0x0000000085900000, 0x0000000085a00000|  0%| F|  |TAMS 0x0000000085900000, 0x0000000085900000| Untracked 
|  62|0x0000000085a00000, 0x0000000085a00000, 0x0000000085b00000|  0%| F|  |TAMS 0x0000000085a00000, 0x0000000085a00000| Untracked 
|  63|0x0000000085b00000, 0x0000000085b00000, 0x0000000085c00000|  0%| F|  |TAMS 0x0000000085b00000, 0x0000000085b00000| Untracked 
|  64|0x0000000085c00000, 0x0000000085c00000, 0x0000000085d00000|  0%| F|  |TAMS 0x0000000085c00000, 0x0000000085c00000| Untracked 
|  65|0x0000000085d00000, 0x0000000085d00000, 0x0000000085e00000|  0%| F|  |TAMS 0x0000000085d00000, 0x0000000085d00000| Untracked 
|  66|0x0000000085e00000, 0x0000000085e00000, 0x0000000085f00000|  0%| F|  |TAMS 0x0000000085e00000, 0x0000000085e00000| Untracked 
|  67|0x0000000085f00000, 0x0000000085f00000, 0x0000000086000000|  0%| F|  |TAMS 0x0000000085f00000, 0x0000000085f00000| Untracked 
|  68|0x0000000086000000, 0x0000000086000000, 0x0000000086100000|  0%| F|  |TAMS 0x0000000086000000, 0x0000000086000000| Untracked 
|  69|0x0000000086100000, 0x0000000086100000, 0x0000000086200000|  0%| F|  |TAMS 0x0000000086100000, 0x0000000086100000| Untracked 
|  70|0x0000000086200000, 0x0000000086200000, 0x0000000086300000|  0%| F|  |TAMS 0x0000000086200000, 0x0000000086200000| Untracked 
|  71|0x0000000086300000, 0x0000000086300000, 0x0000000086400000|  0%| F|  |TAMS 0x0000000086300000, 0x0000000086300000| Untracked 
|  72|0x0000000086400000, 0x0000000086400000, 0x0000000086500000|  0%| F|  |TAMS 0x0000000086400000, 0x0000000086400000| Untracked 
|  73|0x0000000086500000, 0x0000000086500000, 0x0000000086600000|  0%| F|  |TAMS 0x0000000086500000, 0x0000000086500000| Untracked 
|  74|0x0000000086600000, 0x0000000086600000, 0x0000000086700000|  0%| F|  |TAMS 0x0000000086600000, 0x0000000086600000| Untracked 
|  75|0x0000000086700000, 0x0000000086700000, 0x0000000086800000|  0%| F|  |TAMS 0x0000000086700000, 0x0000000086700000| Untracked 
|  76|0x0000000086800000, 0x0000000086800000, 0x0000000086900000|  0%| F|  |TAMS 0x0000000086800000, 0x0000000086800000| Untracked 
|  77|0x0000000086900000, 0x0000000086900000, 0x0000000086a00000|  0%| F|  |TAMS 0x0000000086900000, 0x0000000086900000| Untracked 
|  78|0x0000000086a00000, 0x0000000086a00000, 0x0000000086b00000|  0%| F|  |TAMS 0x0000000086a00000, 0x0000000086a00000| Untracked 
|  79|0x0000000086b00000, 0x0000000086b00000, 0x0000000086c00000|  0%| F|  |TAMS 0x0000000086b00000, 0x0000000086b00000| Untracked 
|  80|0x0000000086c00000, 0x0000000086c00000, 0x0000000086d00000|  0%| F|  |TAMS 0x0000000086c00000, 0x0000000086c00000| Untracked 
|  81|0x0000000086d00000, 0x0000000086d00000, 0x0000000086e00000|  0%| F|  |TAMS 0x0000000086d00000, 0x0000000086d00000| Untracked 
|  82|0x0000000086e00000, 0x0000000086e00000, 0x0000000086f00000|  0%| F|  |TAMS 0x0000000086e00000, 0x0000000086e00000| Untracked 
|  83|0x0000000086f00000, 0x0000000086f00000, 0x0000000087000000|  0%| F|  |TAMS 0x0000000086f00000, 0x0000000086f00000| Untracked 
|  84|0x0000000087000000, 0x0000000087000000, 0x0000000087100000|  0%| F|  |TAMS 0x0000000087000000, 0x0000000087000000| Untracked 
|  85|0x0000000087100000, 0x0000000087100000, 0x0000000087200000|  0%| F|  |TAMS 0x0000000087100000, 0x0000000087100000| Untracked 
|  86|0x0000000087200000, 0x0000000087200000, 0x0000000087300000|  0%| F|  |TAMS 0x0000000087200000, 0x0000000087200000| Untracked 
|  87|0x0000000087300000, 0x0000000087300000, 0x0000000087400000|  0%| F|  |TAMS 0x0000000087300000, 0x0000000087300000| Untracked 
|  88|0x0000000087400000, 0x0000000087400000, 0x0000000087500000|  0%| F|  |TAMS 0x0000000087400000, 0x0000000087400000| Untracked 
|  89|0x0000000087500000, 0x0000000087500000, 0x0000000087600000|  0%| F|  |TAMS 0x0000000087500000, 0x0000000087500000| Untracked 
|  90|0x0000000087600000, 0x0000000087600000, 0x0000000087700000|  0%| F|  |TAMS 0x0000000087600000, 0x0000000087600000| Untracked 
|  91|0x0000000087700000, 0x0000000087700000, 0x0000000087800000|  0%| F|  |TAMS 0x0000000087700000, 0x0000000087700000| Untracked 
|  92|0x0000000087800000, 0x0000000087800000, 0x0000000087900000|  0%| F|  |TAMS 0x0000000087800000, 0x0000000087800000| Untracked 
|  93|0x0000000087900000, 0x0000000087900000, 0x0000000087a00000|  0%| F|  |TAMS 0x0000000087900000, 0x0000000087900000| Untracked 
|  94|0x0000000087a00000, 0x0000000087a00000, 0x0000000087b00000|  0%| F|  |TAMS 0x0000000087a00000, 0x0000000087a00000| Untracked 
|  95|0x0000000087b00000, 0x0000000087b00000, 0x0000000087c00000|  0%| F|  |TAMS 0x0000000087b00000, 0x0000000087b00000| Untracked 
|  96|0x0000000087c00000, 0x0000000087c00000, 0x0000000087d00000|  0%| F|  |TAMS 0x0000000087c00000, 0x0000000087c00000| Untracked 
|  97|0x0000000087d00000, 0x0000000087d00000, 0x0000000087e00000|  0%| F|  |TAMS 0x0000000087d00000, 0x0000000087d00000| Untracked 
|  98|0x0000000087e00000, 0x0000000087e00000, 0x0000000087f00000|  0%| F|  |TAMS 0x0000000087e00000, 0x0000000087e00000| Untracked 
|  99|0x0000000087f00000, 0x0000000087f00000, 0x0000000088000000|  0%| F|  |TAMS 0x0000000087f00000, 0x0000000087f00000| Untracked 
| 100|0x0000000088000000, 0x0000000088000000, 0x0000000088100000|  0%| F|  |TAMS 0x0000000088000000, 0x0000000088000000| Untracked 
| 101|0x0000000088100000, 0x0000000088100000, 0x0000000088200000|  0%| F|  |TAMS 0x0000000088100000, 0x0000000088100000| Untracked 
| 102|0x0000000088200000, 0x0000000088200000, 0x0000000088300000|  0%| F|  |TAMS 0x0000000088200000, 0x0000000088200000| Untracked 
| 103|0x0000000088300000, 0x0000000088300000, 0x0000000088400000|  0%| F|  |TAMS 0x0000000088300000, 0x0000000088300000| Untracked 
| 104|0x0000000088400000, 0x0000000088400000, 0x0000000088500000|  0%| F|  |TAMS 0x0000000088400000, 0x0000000088400000| Untracked 
| 105|0x0000000088500000, 0x0000000088500000, 0x0000000088600000|  0%| F|  |TAMS 0x0000000088500000, 0x0000000088500000| Untracked 
| 106|0x0000000088600000, 0x0000000088600000, 0x0000000088700000|  0%| F|  |TAMS 0x0000000088600000, 0x0000000088600000| Untracked 
| 107|0x0000000088700000, 0x0000000088700000, 0x0000000088800000|  0%| F|  |TAMS 0x0000000088700000, 0x0000000088700000| Untracked 
| 108|0x0000000088800000, 0x0000000088800000, 0x0000000088900000|  0%| F|  |TAMS 0x0000000088800000, 0x0000000088800000| Untracked 
| 109|0x0000000088900000, 0x0000000088900000, 0x0000000088a00000|  0%| F|  |TAMS 0x0000000088900000, 0x0000000088900000| Untracked 
| 110|0x0000000088a00000, 0x0000000088a00000, 0x0000000088b00000|  0%| F|  |TAMS 0x0000000088a00000, 0x0000000088a00000| Untracked 
| 111|0x0000000088b00000, 0x0000000088b00000, 0x0000000088c00000|  0%| F|  |TAMS 0x0000000088b00000, 0x0000000088b00000| Untracked 
| 112|0x0000000088c00000, 0x0000000088c00000, 0x0000000088d00000|  0%| F|  |TAMS 0x0000000088c00000, 0x0000000088c00000| Untracked 
| 113|0x0000000088d00000, 0x0000000088e00000, 0x0000000088e00000|100%| S|CS|TAMS 0x0000000088d00000, 0x0000000088d00000| Complete 
| 114|0x0000000088e00000, 0x0000000088f00000, 0x0000000088f00000|100%| S|CS|TAMS 0x0000000088e00000, 0x0000000088e00000| Complete 
| 115|0x0000000088f00000, 0x0000000088f00000, 0x0000000089000000|  0%| F|  |TAMS 0x0000000088f00000, 0x0000000088f00000| Untracked 
| 116|0x0000000089000000, 0x0000000089000000, 0x0000000089100000|  0%| F|  |TAMS 0x0000000089000000, 0x0000000089000000| Untracked 
| 117|0x0000000089100000, 0x0000000089100000, 0x0000000089200000|  0%| F|  |TAMS 0x0000000089100000, 0x0000000089100000| Untracked 
| 118|0x0000000089200000, 0x0000000089200000, 0x0000000089300000|  0%| F|  |TAMS 0x0000000089200000, 0x0000000089200000| Untracked 
| 119|0x0000000089300000, 0x0000000089300000, 0x0000000089400000|  0%| F|  |TAMS 0x0000000089300000, 0x0000000089300000| Untracked 
| 120|0x0000000089400000, 0x0000000089400000, 0x0000000089500000|  0%| F|  |TAMS 0x0000000089400000, 0x0000000089400000| Untracked 
| 121|0x0000000089500000, 0x0000000089500000, 0x0000000089600000|  0%| F|  |TAMS 0x0000000089500000, 0x0000000089500000| Untracked 
| 122|0x0000000089600000, 0x0000000089600000, 0x0000000089700000|  0%| F|  |TAMS 0x0000000089600000, 0x0000000089600000| Untracked 
| 123|0x0000000089700000, 0x0000000089700000, 0x0000000089800000|  0%| F|  |TAMS 0x0000000089700000, 0x0000000089700000| Untracked 
| 124|0x0000000089800000, 0x0000000089800000, 0x0000000089900000|  0%| F|  |TAMS 0x0000000089800000, 0x0000000089800000| Untracked 
| 125|0x0000000089900000, 0x0000000089900000, 0x0000000089a00000|  0%| F|  |TAMS 0x0000000089900000, 0x0000000089900000| Untracked 
| 126|0x0000000089a00000, 0x0000000089a00000, 0x0000000089b00000|  0%| F|  |TAMS 0x0000000089a00000, 0x0000000089a00000| Untracked 
| 127|0x0000000089b00000, 0x0000000089bca4a8, 0x0000000089c00000| 79%| E|  |TAMS 0x0000000089b00000, 0x0000000089b00000| Complete 

Card table byte_map: [0x000002695b210000,0x000002695b610000] _byte_map_base: 0x000002695ae02000

Marking Bits (Prev, Next): (CMBitMap*) 0x00000269505c54f0, (CMBitMap*) 0x00000269505c5530
 Prev Bits: [0x000002695ba10000, 0x000002695d9a0000)
 Next Bits: [0x000002695d9a0000, 0x000002695f930000)

Polling page: 0x000002694e6d0000

Metaspace:

Usage:
  Non-class:      4.47 MB used.
      Class:    629.64 KB used.
       Both:      5.09 MB used.

Virtual space:
  Non-class space:       64.00 MB reserved,       4.56 MB (  7%) committed,  1 nodes.
      Class space:        1.00 GB reserved,     768.00 KB ( <1%) committed,  1 nodes.
             Both:        1.06 GB reserved,       5.31 MB ( <1%) committed. 

Chunk freelists:
   Non-Class:  11.42 MB
       Class:  15.17 MB
        Both:  26.59 MB

MaxMetaspaceSize: unlimited
CompressedClassSpaceSize: 1.00 GB
Initial GC threshold: 21.00 MB
Current GC threshold: 21.00 MB
CDS: on
MetaspaceReclaimPolicy: balanced
 - commit_granule_bytes: 65536.
 - commit_granule_words: 8192.
 - virtual_space_node_default_size: 8388608.
 - enlarge_chunks_in_place: 1.
 - new_chunks_are_fully_committed: 0.
 - uncommit_free_chunks: 1.
 - use_allocation_guard: 0.
 - handle_deallocations: 1.


Internal statistics:

num_allocs_failed_limit: 0.
num_arena_births: 80.
num_arena_deaths: 0.
num_vsnodes_births: 2.
num_vsnodes_deaths: 0.
num_space_committed: 85.
num_space_uncommitted: 0.
num_chunks_returned_to_freelist: 0.
num_chunks_taken_from_freelist: 124.
num_chunk_merges: 0.
num_chunk_splits: 79.
num_chunks_enlarged: 45.
num_inconsistent_stats: 0.

CodeCache: size=49152Kb used=2990Kb max_used=2990Kb free=46161Kb
 bounds [0x0000026957e10000, 0x0000026958100000, 0x000002695ae10000]
 total_blobs=1384 nmethods=946 adapters=365
 compilation: enabled
              stopped_count=0, restarted_count=0
 full_count=0

Compilation events (20 events):
Event: 0.806 Thread 0x0000026961cce610 nmethod 935 0x00000269580eee90 code [0x00000269580ef060, 0x00000269580ef278]
Event: 0.808 Thread 0x0000026961cce610  937       1       java.net.URLStreamHandler::parseURL (1201 bytes)
Event: 0.812 Thread 0x0000026961c9f070  938       1       java.io.BufferedInputStream::getBufIfOpen (21 bytes)
Event: 0.812 Thread 0x0000026961c9f070 nmethod 938 0x00000269580f0010 code [0x00000269580f01a0, 0x00000269580f0308]
Event: 0.812 Thread 0x0000026961c9f070  940       1       java.io.DataInputStream::readUTF (501 bytes)
Event: 0.814 Thread 0x0000026961c9f070 nmethod 940 0x00000269580f0390 code [0x00000269580f0700, 0x00000269580f1918]
Event: 0.814 Thread 0x0000026961c9f070  945       1       java.io.DataInputStream::readFully (59 bytes)
Event: 0.814 Thread 0x0000026961c9f070 nmethod 945 0x00000269580f2310 code [0x00000269580f24e0, 0x00000269580f2728]
Event: 0.814 Thread 0x0000026961c9f070  941  s    1       java.io.BufferedInputStream::read (113 bytes)
Event: 0.815 Thread 0x0000026961c9f070 nmethod 941 0x00000269580f2910 code [0x00000269580f2b00, 0x00000269580f3038]
Event: 0.815 Thread 0x0000026961c9f070  942       1       java.io.BufferedInputStream::read1 (108 bytes)
Event: 0.815 Thread 0x0000026961c9f070 nmethod 942 0x00000269580f3210 code [0x00000269580f3400, 0x00000269580f38b8]
Event: 0.815 Thread 0x0000026961c9f070  946       1       java.io.DataInputStream::readShort (40 bytes)
Event: 0.815 Thread 0x0000026961c9f070 nmethod 946 0x00000269580f3a90 code [0x00000269580f3c40, 0x00000269580f3de8]
Event: 0.816 Thread 0x0000026961c9f070  943       1       java.io.DataInputStream::readUTF (5 bytes)
Event: 0.816 Thread 0x0000026961c9f070 nmethod 943 0x00000269580f3f10 code [0x00000269580f40a0, 0x00000269580f4188]
Event: 0.816 Thread 0x0000026961c9f070  944       1       java.io.DataInputStream::readUnsignedShort (39 bytes)
Event: 0.816 Thread 0x0000026961c9f070 nmethod 944 0x00000269580f4210 code [0x00000269580f43c0, 0x00000269580f4568]
Event: 0.816 Thread 0x0000026961c9f070  939  s    1       java.io.BufferedInputStream::read (49 bytes)
Event: 0.816 Thread 0x0000026961c9f070 nmethod 939 0x00000269580f4690 code [0x00000269580f4840, 0x00000269580f4b58]

GC Heap History (2 events):
Event: 0.786 GC heap before
{Heap before GC invocations=0 (full 0):
 garbage-first heap   total 131072K, used 13312K [0x0000000081c00000, 0x0000000100000000)
  region size 1024K, 13 young (13312K), 0 survivors (0K)
 Metaspace       used 5011K, committed 5120K, reserved 1114112K
  class space    used 597K, committed 640K, reserved 1048576K
}
Event: 0.791 GC heap after
{Heap after GC invocations=1 (full 0):
 garbage-first heap   total 131072K, used 6110K [0x0000000081c00000, 0x0000000100000000)
  region size 1024K, 2 young (2048K), 2 survivors (2048K)
 Metaspace       used 5011K, committed 5120K, reserved 1114112K
  class space    used 597K, committed 640K, reserved 1048576K
}

Deoptimization events (0 events):
No events

Classes unloaded (0 events):
No events

Classes redefined (0 events):
No events

Internal exceptions (12 events):
Event: 0.423 Thread 0x00000269663fd420 Exception <a 'java/lang/NoSuchMethodError'{0x00000000894e5110}: 'java.lang.Object java.lang.invoke.DirectMethodHandle$Holder.invokeStaticInit(java.lang.Object)'> (0x00000000894e5110) 
thrown [s\open\src\hotspot\share\interpreter\linkResolver.cpp, line 759]
Event: 0.432 Thread 0x00000269663fd420 Exception <a 'java/lang/NoSuchMethodError'{0x00000000894f2d08}: 'void java.lang.invoke.DirectMethodHandle$Holder.invokeStatic(java.lang.Object, java.lang.Object)'> (0x00000000894f2d08) 
thrown [s\open\src\hotspot\share\interpreter\linkResolver.cpp, line 759]
Event: 0.473 Thread 0x0000026950569790 Exception <a 'java/lang/NoSuchMethodError'{0x000000008930a1b8}: 'int java.lang.invoke.DirectMethodHandle$Holder.invokeInterface(java.lang.Object, java.lang.Object)'> (0x000000008930a1b8) 
thrown [s\open\src\hotspot\share\interpreter\linkResolver.cpp, line 759]
Event: 0.474 Thread 0x0000026950569790 Exception <a 'java/lang/IncompatibleClassChangeError'{0x000000008930d7b8}: Found class java.lang.Object, but interface was expected> (0x000000008930d7b8) 
thrown [s\open\src\hotspot\share\interpreter\linkResolver.cpp, line 826]
Event: 0.541 Thread 0x0000026950569790 Exception <a 'java/lang/NoSuchMethodError'{0x00000000893d9098}: 'int java.lang.invoke.DirectMethodHandle$Holder.invokeSpecial(java.lang.Object, java.lang.Object, java.lang.Object)'> (0x00000000893d9098) 
thrown [s\open\src\hotspot\share\interpreter\linkResolver.cpp, line 759]
Event: 0.588 Thread 0x0000026950569790 Exception <a 'java/lang/NoSuchMethodError'{0x00000000892d2b38}: 'void java.lang.invoke.DirectMethodHandle$Holder.invokeStatic(java.lang.Object, java.lang.Object, java.lang.Object)'> (0x00000000892d2b38) 
thrown [s\open\src\hotspot\share\interpreter\linkResolver.cpp, line 759]
Event: 0.602 Thread 0x0000026950569790 Exception <a 'java/lang/NoSuchMethodError'{0x000000008910fb48}: 'int java.lang.invoke.DirectMethodHandle$Holder.invokeSpecialIFC(java.lang.Object, java.lang.Object, java.lang.Object)'> (0x000000008910fb48) 
thrown [s\open\src\hotspot\share\interpreter\linkResolver.cpp, line 759]
Event: 0.635 Thread 0x0000026950569790 Exception <a 'java/lang/NoSuchMethodError'{0x00000000891c8338}: 'java.lang.Object java.lang.invoke.DirectMethodHandle$Holder.invokeStaticInit(java.lang.Object, int, int, int, int)'> (0x00000000891c8338) 
thrown [s\open\src\hotspot\share\interpreter\linkResolver.cpp, line 759]
Event: 0.682 Thread 0x0000026950569790 Exception <a 'java/lang/NoSuchMethodError'{0x00000000891ed908}: 'java.lang.Object java.lang.invoke.DirectMethodHandle$Holder.invokeStaticInit(java.lang.Object, java.lang.Object, int, int, int, int)'> (0x00000000891ed908) 
thrown [s\open\src\hotspot\share\interpreter\linkResolver.cpp, line 759]
Event: 0.699 Thread 0x0000026950569790 Exception <a 'java/lang/ClassNotFoundException'{0x000000008900bdd8}: javax/management/remote/rmi/RMIServerImpl_Skel> (0x000000008900bdd8) 
thrown [s\open\src\hotspot\share\classfile\systemDictionary.cpp, line 256]
Event: 0.784 Thread 0x0000026950569790 Exception <a 'java/lang/ClassNotFoundException'{0x0000000088ff9670}: javax/smartcardio/CardPermission> (0x0000000088ff9670) 
thrown [s\open\src\hotspot\share\classfile\systemDictionary.cpp, line 256]
Event: 0.794 Thread 0x0000026950569790 Exception <a 'java/io/FileNotFoundException'{0x0000000089b08ec8}> (0x0000000089b08ec8) 
thrown [s\open\src\hotspot\share\prims\jni.cpp, line 516]

VM Operations (14 events):
Event: 0.195 Executing VM operation: HandshakeAllThreads
Event: 0.195 Executing VM operation: HandshakeAllThreads done
Event: 0.421 Executing VM operation: HandshakeAllThreads
Event: 0.421 Executing VM operation: HandshakeAllThreads done
Event: 0.480 Executing VM operation: HandshakeAllThreads
Event: 0.480 Executing VM operation: HandshakeAllThreads done
Event: 0.482 Executing VM operation: HandshakeAllThreads
Event: 0.482 Executing VM operation: HandshakeAllThreads done
Event: 0.623 Executing VM operation: HandshakeAllThreads
Event: 0.623 Executing VM operation: HandshakeAllThreads done
Event: 0.723 Executing VM operation: HandshakeAllThreads
Event: 0.723 Executing VM operation: HandshakeAllThreads done
Event: 0.786 Executing VM operation: G1CollectForAllocation
Event: 0.791 Executing VM operation: G1CollectForAllocation done

Events (20 events):
Event: 0.795 loading class java/util/PropertyPermissionCollection done
Event: 0.795 loading class java/util/PropertyPermissionCollection$1
Event: 0.795 loading class java/util/PropertyPermissionCollection$1 done
Event: 0.795 loading class sun/net/www/protocol/file/FileURLConnection
Event: 0.795 loading class sun/net/www/URLConnection
Event: 0.795 loading class java/net/URLConnection
Event: 0.796 loading class java/net/URLConnection done
Event: 0.796 loading class sun/net/www/URLConnection done
Event: 0.796 loading class sun/net/www/protocol/file/FileURLConnection done
Event: 0.796 loading class sun/net/www/MessageHeader
Event: 0.796 loading class sun/net/www/MessageHeader done
Event: 0.796 loading class java/io/FilePermissionCollection
Event: 0.796 loading class java/io/FilePermissionCollection done
Event: 0.796 loading class java/io/FilePermissionCollection$1
Event: 0.796 loading class java/io/FilePermissionCollection$1 done
Event: 0.796 loading class java/security/PermissionsEnumerator
Event: 0.796 loading class java/security/PermissionsEnumerator done
Event: 0.796 loading class java/security/AccessControlException
Event: 0.797 loading class java/security/AccessControlException done
Event: 0.816 loading class sun/util/calendar/ZoneInfoFile$Checksum


Dynamic libraries:
0x00007ff61aaa0000 - 0x00007ff61aab0000 	C:\Program Files\Java\jdk-17\bin\java.exe
0x00007ffbb2430000 - 0x00007ffbb2628000 	C:\Windows\SYSTEM32\ntdll.dll
0x00007ffbb1100000 - 0x00007ffbb11bd000 	C:\Windows\System32\KERNEL32.DLL
0x00007ffbb0130000 - 0x00007ffbb0426000 	C:\Windows\System32\KERNELBASE.dll
0x00007ffbafc80000 - 0x00007ffbafd80000 	C:\Windows\System32\ucrtbase.dll
0x00007ffb8f780000 - 0x00007ffb8f799000 	C:\Program Files\Java\jdk-17\bin\jli.dll
0x00007ffbb1d90000 - 0x00007ffbb1e40000 	C:\Windows\System32\ADVAPI32.dll
0x00007ffbb0460000 - 0x00007ffbb04fe000 	C:\Windows\System32\msvcrt.dll
0x00007ffbb1000000 - 0x00007ffbb10a0000 	C:\Windows\System32\sechost.dll
0x00007ffbb1e70000 - 0x00007ffbb1f93000 	C:\Windows\System32\RPCRT4.dll
0x00007ffbb0430000 - 0x00007ffbb0457000 	C:\Windows\System32\bcrypt.dll
0x00007ffbb17c0000 - 0x00007ffbb195f000 	C:\Windows\System32\USER32.dll
0x00007ffbafc50000 - 0x00007ffbafc72000 	C:\Windows\System32\win32u.dll
0x00007ffbb1e40000 - 0x00007ffbb1e6b000 	C:\Windows\System32\GDI32.dll
0x00007ffbafae0000 - 0x00007ffbafbf7000 	C:\Windows\System32\gdi32full.dll
0x00007ffbb0090000 - 0x00007ffbb012d000 	C:\Windows\System32\msvcp_win.dll
0x00007ffb8f760000 - 0x00007ffb8f77b000 	C:\Program Files\Java\jdk-17\bin\VCRUNTIME140.dll
0x00007ffb9c130000 - 0x00007ffb9c3ca000 	C:\Windows\WinSxS\amd64_microsoft.windows.common-controls_6595b64144ccf1df_6.0.19041.3636_none_60b6a03d71f818d5\COMCTL32.dll
0x00007ffba7cf0000 - 0x00007ffba7cfa000 	C:\Windows\SYSTEM32\VERSION.dll
0x00007ffbb1fa0000 - 0x00007ffbb1fd2000 	C:\Windows\System32\IMM32.DLL
0x00007ffb72d50000 - 0x00007ffb72d5c000 	C:\Program Files\Java\jdk-17\bin\vcruntime140_1.dll
0x00007ffb3fa00000 - 0x00007ffb3fa8e000 	C:\Program Files\Java\jdk-17\bin\msvcp140.dll
0x00007ffb3b180000 - 0x00007ffb3bd5f000 	C:\Program Files\Java\jdk-17\bin\server\jvm.dll
0x00007ffbb0640000 - 0x00007ffbb0648000 	C:\Windows\System32\PSAPI.DLL
0x00007ffba89f0000 - 0x00007ffba89f9000 	C:\Windows\SYSTEM32\WSOCK32.dll
0x00007ffbb0520000 - 0x00007ffbb058b000 	C:\Windows\System32\WS2_32.dll
0x00007ffb9b3e0000 - 0x00007ffb9b407000 	C:\Windows\SYSTEM32\WINMM.dll
0x00007ffbae300000 - 0x00007ffbae312000 	C:\Windows\SYSTEM32\kernel.appcore.dll
0x00007ffb718c0000 - 0x00007ffb718ca000 	C:\Program Files\Java\jdk-17\bin\jimage.dll
0x00007ffbad850000 - 0x00007ffbada34000 	C:\Windows\SYSTEM32\DBGHELP.DLL
0x00007ffba8750000 - 0x00007ffba8784000 	C:\Windows\SYSTEM32\dbgcore.DLL
0x00007ffbafd80000 - 0x00007ffbafe02000 	C:\Windows\System32\bcryptPrimitives.dll
0x00007ffb8def0000 - 0x00007ffb8defe000 	C:\Program Files\Java\jdk-17\bin\instrument.dll
0x00007ffb53250000 - 0x00007ffb53275000 	C:\Program Files\Java\jdk-17\bin\java.dll
0x00007ffb3b0a0000 - 0x00007ffb3b177000 	C:\Program Files\Java\jdk-17\bin\jsvml.dll
0x00007ffbb0650000 - 0x00007ffbb0dbb000 	C:\Windows\System32\SHELL32.dll
0x00007ffbada40000 - 0x00007ffbae1de000 	C:\Windows\SYSTEM32\windows.storage.dll
0x00007ffbb1960000 - 0x00007ffbb1cb3000 	C:\Windows\System32\combase.dll
0x00007ffbaf440000 - 0x00007ffbaf46e000 	C:\Windows\SYSTEM32\Wldp.dll
0x00007ffbb1cc0000 - 0x00007ffbb1d8d000 	C:\Windows\System32\OLEAUT32.dll
0x00007ffbb0ef0000 - 0x00007ffbb0f9d000 	C:\Windows\System32\SHCORE.dll
0x00007ffbb22b0000 - 0x00007ffbb2305000 	C:\Windows\System32\shlwapi.dll
0x00007ffbafa10000 - 0x00007ffbafa33000 	C:\Windows\SYSTEM32\profapi.dll
0x00007ffb3f9c0000 - 0x00007ffb3f9d8000 	C:\Program Files\Java\jdk-17\bin\zip.dll
0x00007ffb52a70000 - 0x00007ffb52a89000 	C:\Program Files\Java\jdk-17\bin\net.dll
0x00007ffba7d00000 - 0x00007ffba7e0a000 	C:\Windows\SYSTEM32\WINHTTP.dll
0x00007ffbaf1a0000 - 0x00007ffbaf20a000 	C:\Windows\system32\mswsock.dll
0x00007ffb3f9e0000 - 0x00007ffb3f9f6000 	C:\Program Files\Java\jdk-17\bin\nio.dll
0x00007ffb8ded0000 - 0x00007ffb8deea000 	C:\Program Files\JetBrains\IntelliJ IDEA 2023.3.5\bin\breakgen64.dll
0x00007ffbaeec0000 - 0x00007ffbaef8b000 	C:\Windows\SYSTEM32\DNSAPI.dll
0x00007ffbaee80000 - 0x00007ffbaeebb000 	C:\Windows\SYSTEM32\IPHLPAPI.DLL
0x00007ffbb16d0000 - 0x00007ffbb16d8000 	C:\Windows\System32\NSI.dll
0x00007ffb9b380000 - 0x00007ffb9b38a000 	C:\Windows\System32\rasadhlp.dll
0x00007ffba3760000 - 0x00007ffba37e0000 	C:\Windows\System32\fwpuclnt.dll
0x00007ffb8dec0000 - 0x00007ffb8deca000 	C:\Program Files\Java\jdk-17\bin\management.dll
0x00007ffb8deb0000 - 0x00007ffb8debb000 	C:\Program Files\Java\jdk-17\bin\management_ext.dll
0x00007ffbaf3a0000 - 0x00007ffbaf3b8000 	C:\Windows\SYSTEM32\CRYPTSP.dll
0x00007ffbaeac0000 - 0x00007ffbaeaf4000 	C:\Windows\system32\rsaenh.dll
0x00007ffbaf9d0000 - 0x00007ffbaf9fe000 	C:\Windows\SYSTEM32\USERENV.dll
0x00007ffbaf390000 - 0x00007ffbaf39c000 	C:\Windows\SYSTEM32\CRYPTBASE.dll
0x00007ffba8790000 - 0x00007ffba87a7000 	C:\Windows\SYSTEM32\dhcpcsvc6.DLL
0x00007ffba93b0000 - 0x00007ffba93cd000 	C:\Windows\SYSTEM32\dhcpcsvc.DLL
0x00007ffb949b0000 - 0x00007ffb949c7000 	C:\Windows\system32\napinsp.dll
0x00007ffb94990000 - 0x00007ffb949ab000 	C:\Windows\system32\pnrpnsp.dll
0x00007ffb94970000 - 0x00007ffb94985000 	C:\Windows\system32\wshbth.dll
0x00007ffbaa230000 - 0x00007ffbaa24d000 	C:\Windows\system32\NLAapi.dll
0x00007ffb94950000 - 0x00007ffb94962000 	C:\Windows\System32\winrnr.dll
0x00007ffb598c0000 - 0x00007ffb598d0000 	C:\Program Files\Java\jdk-17\bin\verify.dll

dbghelp: loaded successfully - version: 4.0.5 - missing functions: none
symbol engine: initialized successfully - sym options: 0x614 - pdb path: .;C:\Program Files\Java\jdk-17\bin;C:\Windows\SYSTEM32;C:\Windows\WinSxS\amd64_microsoft.windows.common-controls_6595b64144ccf1df_6.0.19041.3636_none_60b6a03d71f818d5;C:\Program Files\Java\jdk-17\bin\server;C:\Program Files\JetBrains\IntelliJ IDEA 2023.3.5\bin

VM Arguments:
jvm_args: -XX:TieredStopAtLevel=1 -Dspring.output.ansi.enabled=always -Dcom.sun.management.jmxremote -Dspring.jmx.enabled=true -Dspring.liveBeansView.mbeanDomain -Dspring.application.admin.enabled=true -Dmanagement.endpoints.jmx.exposure.include=* -javaagent:C:\Program Files\JetBrains\IntelliJ IDEA 2023.3.5\lib\idea_rt.jar=52339:C:\Program Files\JetBrains\IntelliJ IDEA 2023.3.5\bin -Dfile.encoding=UTF-8 
java_command: com.metlife.EurekaServiceApplication
java_class_path (initial): D:\Capstone_Project-main\Capstone_Project-main\Eureka-Service\target\classes;C:\Users\Yadav\.m2\repository\org\springframework\cloud\spring-cloud-starter\3.0.4\spring-cloud-starter-3.0.4.jar;C:\Users\Yadav\.m2\repository\org\springframework\boot\spring-boot-starter\2.5.6\spring-boot-starter-2.5.6.jar;C:\Users\Yadav\.m2\repository\org\springframework\boot\spring-boot\2.5.6\spring-boot-2.5.6.jar;C:\Users\Yadav\.m2\repository\org\springframework\spring-context\5.3.12\spring-context-5.3.12.jar;C:\Users\Yadav\.m2\repository\org\springframework\spring-aop\5.3.12\spring-aop-5.3.12.jar;C:\Users\Yadav\.m2\repository\org\springframework\spring-beans\5.3.12\spring-beans-5.3.12.jar;C:\Users\Yadav\.m2\repository\org\springframework\spring-expression\5.3.12\spring-expression-5.3.12.jar;C:\Users\Yadav\.m2\repository\org\springframework\boot\spring-boot-autoconfigure\2.5.6\spring-boot-autoconfigure-2.5.6.jar;C:\Users\Yadav\.m2\repository\org\springframework\boot\spring-boot-starter-logging\2.5.6\spring-boot-starter-logging-2.5.6.jar;C:\Users\Yadav\.m2\repository\ch\qos\logback\logback-classic\1.2.6\logback-classic-1.2.6.jar;C:\Users\Yadav\.m2\repository\ch\qos\logback\logback-core\1.2.6\logback-core-1.2.6.jar;C:\Users\Yadav\.m2\repository\org\apache\logging\log4j\log4j-to-slf4j\2.14.1\log4j-to-slf4j-2.14.1.jar;C:\Users\Yadav\.m2\repository\org\apache\logging\log4j\log4j-api\2.14.1\log4j-api-2.14.1.jar;C:\Users\Yadav\.m2\repository\org\slf4j\jul-to-slf4j\1.7.32\jul-to-slf4j-1.7.32.jar;C:\Users\Yadav\.m2\repository\jakarta\annotation\jakarta.annotation-api\1.3.5\jakarta.annotation-api-1.3.5.jar;C:\Users\Yadav\.m2\repository\org\yaml\snakeyaml\1.28\snakeyaml-1.28.jar;C:\Users\Yadav\.m2\repository\org\springframework\cloud\spring-cloud-context\3.0.4\spring-cloud-context-3.0.4.jar;C:\Users\Yadav\.m2\repository\org\springframework\security\spring-security-crypto\5.5.3\spring-security-crypto-5.5.3.jar;C:\Users\Yadav\.m2\repository\org\springframework\cloud\spr
Launcher Type: SUN_STANDARD

[Global flags]
     intx CICompilerCount                          = 3                                         {product} {ergonomic}
     uint ConcGCThreads                            = 1                                         {product} {ergonomic}
     uint G1ConcRefinementThreads                  = 4                                         {product} {ergonomic}
   size_t G1HeapRegionSize                         = 1048576                                   {product} {ergonomic}
    uintx GCDrainStackTargetSize                   = 64                                        {product} {ergonomic}
   size_t InitialHeapSize                          = 134217728                                 {product} {ergonomic}
     bool ManagementServer                         = true                                      {product} {command line}
   size_t MarkStackSize                            = 4194304                                   {product} {ergonomic}
   size_t MaxHeapSize                              = 2118123520                                {product} {ergonomic}
   size_t MaxNewSize                               = 1270874112                                {product} {ergonomic}
   size_t MinHeapDeltaBytes                        = 1048576                                   {product} {ergonomic}
   size_t MinHeapSize                              = 8388608                                   {product} {ergonomic}
    uintx NonProfiledCodeHeapSize                  = 0                                      {pd product} {ergonomic}
     bool ProfileInterpreter                       = false                                  {pd product} {command line}
    uintx ProfiledCodeHeapSize                     = 0                                      {pd product} {ergonomic}
   size_t SoftMaxHeapSize                          = 2118123520                             {manageable} {ergonomic}
     intx TieredStopAtLevel                        = 1                                         {product} {command line}
     bool UseCompressedClassPointers               = true                           {product lp64_product} {ergonomic}
     bool UseCompressedOops                        = true                           {product lp64_product} {ergonomic}
     bool UseG1GC                                  = true                                      {product} {ergonomic}
     bool UseLargePagesIndividualAllocation        = false                                  {pd product} {ergonomic}

Logging:
Log output configuration:
 #0: stdout all=warning uptime,level,tags
 #1: stderr all=off uptime,level,tags

Environment Variables:
PATH=C:\Program Files\OpenJDK\jdk-8.0.282.08-hotspot\bin;C:\Python312\Scripts\;C:\Python312\;C:\Program Files\Common Files\Oracle\Java\javapath;C:\Program Files (x86)\Common Files\Oracle\Java\javapath;C:\Windows\system32;C:\Windows;C:\Windows\System32\Wbem;C:\Windows\System32\WindowsPowerShell\v1.0\;C:\Windows\System32\OpenSSH\;C:\ProgramData\chocolatey\bin;C:\Program Files\Git\cmd;C:\Program Files\nodejs\;C:\Program Files\MySQL\MySQL Shell 8.0\bin\;C:\Users\Yadav\AppData\Local\Microsoft\WindowsApps;C:\Users\Yadav\AppData\Local\Programs\Microsoft VS Code\bin;C:\Users\Yadav\AppData\Roaming\npm
USERNAME=Yadav
OS=Windows_NT
PROCESSOR_IDENTIFIER=Intel64 Family 6 Model 142 Stepping 9, GenuineIntel



---------------  S Y S T E M  ---------------

OS:
 Windows 10 , 64 bit Build 19041 (10.0.19041.3636)
OS uptime: 0 days 1:46 hours

CPU: total 4 (initial active 4) (2 cores per cpu, 2 threads per core) family 6 model 142 stepping 9 microcode 0xf0, cx8, cmov, fxsr, ht, mmx, 3dnowpref, sse, sse2, sse3, ssse3, sse4.1, sse4.2, popcnt, lzcnt, tsc, tscinvbit, avx, avx2, aes, erms, clmul, bmi1, bmi2, rtm, adx, fma, vzeroupper, clflush, clflushopt

Memory: 4k page, system-wide physical 8073M (447M free)
TotalPageFile size 10121M (AvailPageFile size 211M)
current process WorkingSet (physical memory assigned to process): 65M, peak: 65M
current process commit charge ("private bytes"): 210M, peak: 210M

vm_info: Java HotSpot(TM) 64-Bit Server VM (17.0.10+11-LTS-240) for windows-amd64 JRE (17.0.10+11-LTS-240), built on Dec 19 2023 21:47:25 by "mach5one" with MS VC++ 17.1 (VS2022)

END.
